<?xml version="1.0" encoding="UTF-8"?>
<testsuite name="models.AnimalTest" tests="7" skipped="0" failures="0" errors="0" timestamp="2022-01-10T17:23:54" hostname="fiona-ThinkPad-T460s" time="0.343">
  <properties/>
  <testcase name="save_insertsObjectIntoDatabase_Animal" classname="models.AnimalTest" time="0.227"/>
  <testcase name="equals_returnsTrueIfNameAreSame_true" classname="models.AnimalTest" time="0.011"/>
  <testcase name="animal_instantiatesCorrectly_true" classname="models.AnimalTest" time="0.01"/>
  <testcase name="getName_animalInstantiatesWithName_Jaguar" classname="models.AnimalTest" time="0.005"/>
  <testcase name="save_assignsIdToObject" classname="models.AnimalTest" time="0.024"/>
  <testcase name="find_returnsAnimalWithSameId_secondAnimal" classname="models.AnimalTest" time="0.029"/>
  <testcase name="all_returnsAllInstancesOfAnimal_true" classname="models.AnimalTest" time="0.033"/>
  <system-out><![CDATA[]]></system-out>
  <system-err><![CDATA[]]></system-err>
</testsuite>
