<?xml version="1.0" encoding="UTF-8"?>
<testsuite name="models.SightingsTest" tests="1" skipped="0" failures="0" errors="0" timestamp="2022-01-11T13:43:21" hostname="fiona-ThinkPad-T460s" time="0.212">
  <properties/>
  <testcase name="save_assignsIdToSighting" classname="models.SightingsTest" time="0.212"/>
  <system-out><![CDATA[]]></system-out>
  <system-err><![CDATA[]]></system-err>
</testsuite>
