<?xml version="1.0" encoding="UTF-8"?>
<testsuite name="models.EndangeredAnimalTest" tests="9" skipped="0" failures="0" errors="0" timestamp="2022-01-11T14:29:40" hostname="fiona-ThinkPad-T460s" time="0.902">
  <properties/>
  <testcase name="find_returnsEndangeredWithSameId_secondEndangered" classname="models.EndangeredAnimalTest" time="0.561"/>
  <testcase name="Endangered_InstantiatesWithAge_Young" classname="models.EndangeredAnimalTest" time="0.013"/>
  <testcase name="Endangered_InstantiatesWithName_Elephant" classname="models.EndangeredAnimalTest" time="0.013"/>
  <testcase name="Endangered_InstantiatesWithHealth_Ill" classname="models.EndangeredAnimalTest" time="0.025"/>
  <testcase name="all_returnsAllInstancesOfEndangered_true" classname="models.EndangeredAnimalTest" time="0.124"/>
  <testcase name="save_insertsObjectIntoDatabase_Endangered" classname="models.EndangeredAnimalTest" time="0.062"/>
  <testcase name="equals_returnsTrueIfRangerNameAreSame_true" classname="models.EndangeredAnimalTest" time="0.017"/>
  <testcase name="Endangered_instantiatesCorrectly_true" classname="models.EndangeredAnimalTest" time="0.02"/>
  <testcase name="save_assignsIdToEndangered" classname="models.EndangeredAnimalTest" time="0.049"/>
  <system-out><![CDATA[]]></system-out>
  <system-err><![CDATA[]]></system-err>
</testsuite>
